<?xml version="1.0" encoding="UTF-8"?>
<!-- Generated by org.testng.reporters.JUnitReportReporter -->
<testsuite hostname="DESKTOP-2L7QON7" failures="0" tests="1" name="com.testng.demo.TestNgDemo1" time="8.834" errors="0" timestamp="2023-12-04T22:55:19 IST" skipped="0">
  <testcase classname="com.testng.demo.TestNgDemo1" name="verifyApplaunchInEdge1" time="8.834"/>
  <system-out/>
</testsuite> <!-- com.testng.demo.TestNgDemo1 -->
