<?xml version="1.0" encoding="UTF-8"?>
<!-- Generated by org.testng.reporters.JUnitReportReporter -->
<testsuite hostname="DESKTOP-2L7QON7" failures="0" tests="1" name="com.testng.demo.TestNgDemo2" time="6.242" errors="0" timestamp="2023-12-04T22:53:04 IST" skipped="0">
  <testcase classname="com.testng.demo.TestNgDemo2" name="verifyApplaunchInChrome2" time="6.242"/>
  <system-out/>
</testsuite> <!-- com.testng.demo.TestNgDemo2 -->
