<?xml version="1.0" encoding="UTF-8"?>
<!-- Generated by org.testng.reporters.JUnitReportReporter -->
<testsuite hostname="DESKTOP-2L7QON7" failures="0" tests="2" name="com.testng.demo.TestNgDemoWithAllAnnotations" time="0.017" errors="0" timestamp="2023-12-05T22:51:48 IST" skipped="0">
  <testcase classname="com.testng.demo.TestNgDemoWithAllAnnotations" name="secondTest" time="0.005"/>
  <system-out/>
  <testcase classname="com.testng.demo.TestNgDemoWithAllAnnotations" name="firstTest" time="0.012"/>
  <system-out/>
</testsuite> <!-- com.testng.demo.TestNgDemoWithAllAnnotations -->
