<?xml version="1.0" encoding="UTF-8"?>
<!-- Generated by org.testng.reporters.JUnitReportReporter -->
<testsuite hostname="DESKTOP-2L7QON7" failures="0" tests="4" name="com.testng.demo.TestNgDemo3" time="54.665" errors="0" timestamp="2023-12-05T22:42:11 IST" skipped="0">
  <testcase classname="com.testng.demo.TestNgDemo3" name="verifyAppLaunch" time="15.414"/>
  <system-out/>
  <testcase classname="com.testng.demo.TestNgDemo3" name="verifyAppLaunch" time="13.146"/>
  <system-out/>
  <testcase classname="com.testng.demo.TestNgDemo3" name="verifyAppLaunch" time="13.096"/>
  <system-out/>
  <testcase classname="com.testng.demo.TestNgDemo3" name="verifyAppLaunch" time="13.009"/>
  <system-out/>
</testsuite> <!-- com.testng.demo.TestNgDemo3 -->
