<?xml version="1.0" encoding="UTF-8"?>
<!-- Generated by org.testng.reporters.JUnitReportReporter -->
<testsuite hostname="DESKTOP-2L7QON7" failures="0" tests="3" name="com.app.tests.AppTests" time="37.169" errors="0" timestamp="2023-12-06T23:06:17 IST" skipped="0">
  <testcase classname="com.app.tests.AppTests" name="verifySignup" time="17.209"/>
  <system-out/>
  <testcase classname="com.app.tests.AppTests" name="verifyHomePage" time="11.169"/>
  <system-out/>
  <testcase classname="com.app.tests.AppTests" name="verifyLoggedInUsername" time="8.791"/>
  <system-out/>
</testsuite> <!-- com.app.tests.AppTests -->
