<?xml version="1.0" encoding="UTF-8"?>
<!-- Generated by org.testng.reporters.JUnitReportReporter -->
<testsuite hostname="DESKTOP-2L7QON7" failures="0" tests="2" name="com.testng.demo.TestNgDemo1" time="62.854" errors="0" timestamp="2023-12-05T22:25:07 IST" skipped="0">
  <testcase classname="com.testng.demo.TestNgDemo1" name="verifyApplaunchInEdge1" time="29.662"/>
  <system-out/>
  <testcase classname="com.testng.demo.TestNgDemo1" name="verifyApplaunchInChrome1" time="33.192"/>
  <system-out/>
</testsuite> <!-- com.testng.demo.TestNgDemo1 -->
