<?xml version="1.0" encoding="UTF-8"?>
<!-- Generated by org.testng.reporters.JUnitReportReporter -->
<testsuite hostname="DESKTOP-2L7QON7" failures="0" tests="2" name="com.testng.demo.TestNgDemo2" time="66.752" errors="0" timestamp="2023-12-05T22:25:07 IST" skipped="0">
  <testcase classname="com.testng.demo.TestNgDemo2" name="verifyApplaunchInEdge2" time="33.546"/>
  <system-out/>
  <testcase classname="com.testng.demo.TestNgDemo2" name="verifyApplaunchInChrome2" time="33.206"/>
  <system-out/>
</testsuite> <!-- com.testng.demo.TestNgDemo2 -->
