<?xml version="1.0" encoding="UTF-8"?>
<!-- Generated by org.testng.reporters.JUnitReportReporter -->
<testsuite hostname="DESKTOP-2L7QON7" failures="0" tests="5" name="com.app.tests.AppTests" time="73.583" errors="0" timestamp="2023-12-08T22:18:20 IST" skipped="2">
  <testcase classname="com.app.tests.AppTests" name="verifySignup" time="24.774"/>
  <system-out/>
  <testcase classname="com.app.tests.AppTests" name="verifySignup" time="24.638"/>
  <system-out/>
  <testcase classname="com.app.tests.AppTests" name="verifySignup" time="24.171"/>
  <system-out/>
  <testcase classname="com.app.tests.AppTests" name="verifyHomePage">
    <skipped/>
  </testcase> <!-- verifyHomePage -->
  <system-out/>
  <testcase classname="com.app.tests.AppTests" name="verifyLoggedInUsername">
    <skipped/>
  </testcase> <!-- verifyLoggedInUsername -->
  <system-out/>
</testsuite> <!-- com.app.tests.AppTests -->
