<?xml version="1.0" encoding="UTF-8"?>
<!-- Generated by org.testng.reporters.JUnitReportReporter -->
<testsuite hostname="DESKTOP-2L7QON7" failures="0" tests="1" name="com.testng.demo.TestNgDemo" time="0.013" errors="0" timestamp="2023-12-01T22:59:34 IST" skipped="0">
  <testcase classname="com.testng.demo.TestNgDemo" name="secondTestCase" time="0.013"/>
  <system-out/>
</testsuite> <!-- com.testng.demo.TestNgDemo -->
